# JRE version: OpenJDK Runtime Environment Corretto-11.0.20.8.1 (11.0.20+8) (build 11.0.20+8-LTS)
# Java VM: OpenJDK 64-Bit Server VM Corretto-11.0.20.8.1 (11.0.20+8-LTS, mixed mode, tiered, compressed oops, g1 gc, windows-amd64)
Heap:
 garbage-first heap   total 262144K, used 178934K [0x00000000e0000000, 0x0000000100000000)
  region size 1024K, 125 young (128000K), 15 survivors (15360K)
 Metaspace       used 56049K, capacity 57784K, committed 57900K, reserved 305152K
  class space    used 7259K, capacity 7949K, committed 8064K, reserved 253952K
GC Heap History (16 events):
Event: 2.825 GC heap before
{Heap before GC invocations=0 (full 0):
 garbage-first heap   total 262144K, used 17408K [0x00000000e0000000, 0x0000000100000000)
  region size 1024K, 14 young (14336K), 0 survivors (0K)
 Metaspace       used 6816K, capacity 6991K, committed 7168K, reserved 262144K
  class space    used 574K, capacity 649K, committed 768K, reserved 253952K
}
Event: 2.844 GC heap after
{Heap after GC invocations=1 (full 0):
 garbage-first heap   total 262144K, used 8744K [0x00000000e0000000, 0x0000000100000000)
  region size 1024K, 2 young (2048K), 2 survivors (2048K)
 Metaspace       used 6816K, capacity 6991K, committed 7168K, reserved 262144K
  class space    used 574K, capacity 649K, committed 768K, reserved 253952K
}
Event: 7.407 GC heap before
{Heap before GC invocations=1 (full 0):
 garbage-first heap   total 262144K, used 21032K [0x00000000e0000000, 0x0000000100000000)
  region size 1024K, 14 young (14336K), 2 survivors (2048K)
 Metaspace       used 10345K, capacity 10616K, committed 10880K, reserved 264192K
  class space    used 1048K, capacity 1137K, committed 1152K, reserved 253952K
}
Event: 7.414 GC heap after
{Heap after GC invocations=2 (full 0):
 garbage-first heap   total 262144K, used 10494K [0x00000000e0000000, 0x0000000100000000)
  region size 1024K, 2 young (2048K), 2 survivors (2048K)
 Metaspace       used 10345K, capacity 10616K, committed 10880K, reserved 264192K
  class space    used 1048K, capacity 1137K, committed 1152K, reserved 253952K
}
Event: 10.220 GC heap before
{Heap before GC invocations=2 (full 0):
 garbage-first heap   total 262144K, used 49406K [0x00000000e0000000, 0x0000000100000000)
  region size 1024K, 39 young (39936K), 2 survivors (2048K)
 Metaspace       used 11449K, capacity 11817K, committed 12160K, reserved 266240K
  class space    used 1177K, capacity 1281K, committed 1408K, reserved 253952K
}
Event: 10.227 GC heap after
{Heap after GC invocations=3 (full 0):
 garbage-first heap   total 262144K, used 15060K [0x00000000e0000000, 0x0000000100000000)
  region size 1024K, 5 young (5120K), 5 survivors (5120K)
 Metaspace       used 11449K, capacity 11817K, committed 12160K, reserved 266240K
  class space    used 1177K, capacity 1281K, committed 1408K, reserved 253952K
}
Event: 18.053 GC heap before
{Heap before GC invocations=3 (full 0):
 garbage-first heap   total 262144K, used 54996K [0x00000000e0000000, 0x0000000100000000)
  region size 1024K, 46 young (47104K), 5 survivors (5120K)
 Metaspace       used 20593K, capacity 21026K, committed 21248K, reserved 274432K
  class space    used 2387K, capacity 2539K, committed 2560K, reserved 253952K
}
Event: 18.068 GC heap after
{Heap after GC invocations=4 (full 0):
 garbage-first heap   total 262144K, used 18205K [0x00000000e0000000, 0x0000000100000000)
  region size 1024K, 3 young (3072K), 3 survivors (3072K)
 Metaspace       used 20593K, capacity 21026K, committed 21248K, reserved 274432K
  class space    used 2387K, capacity 2539K, committed 2560K, reserved 253952K
}
Event: 21.726 GC heap before
{Heap before GC invocations=5 (full 0):
 garbage-first heap   total 262144K, used 73501K [0x00000000e0000000, 0x0000000100000000)
  region size 1024K, 57 young (58368K), 3 survivors (3072K)
 Metaspace       used 25280K, capacity 25976K, committed 26240K, reserved 278528K
  class space    used 3171K, capacity 3428K, committed 3456K, reserved 253952K
}
Event: 21.735 GC heap after
{Heap after GC invocations=6 (full 0):
 garbage-first heap   total 262144K, used 19955K [0x00000000e0000000, 0x0000000100000000)
  region size 1024K, 5 young (5120K), 5 survivors (5120K)
 Metaspace       used 25280K, capacity 25976K, committed 26240K, reserved 278528K
  class space    used 3171K, capacity 3428K, committed 3456K, reserved 253952K
}
Event: 27.262 GC heap before
{Heap before GC invocations=6 (full 0):
 garbage-first heap   total 262144K, used 123379K [0x00000000e0000000, 0x0000000100000000)
  region size 1024K, 79 young (80896K), 5 survivors (5120K)
 Metaspace       used 31946K, capacity 32957K, committed 33024K, reserved 282624K
  class space    used 4212K, capacity 4544K, committed 4608K, reserved 253952K
}
Event: 27.279 GC heap after
{Heap after GC invocations=7 (full 0):
 garbage-first heap   total 262144K, used 52658K [0x00000000e0000000, 0x0000000100000000)
  region size 1024K, 10 young (10240K), 10 survivors (10240K)
 Metaspace       used 31946K, capacity 32957K, committed 33024K, reserved 282624K
  class space    used 4212K, capacity 4544K, committed 4608K, reserved 253952K
}
Event: 28.419 GC heap before
{Heap before GC invocations=7 (full 0):
 garbage-first heap   total 262144K, used 77234K [0x00000000e0000000, 0x0000000100000000)
  region size 1024K, 35 young (35840K), 10 survivors (10240K)
 Metaspace       used 34580K, capacity 35515K, committed 35628K, reserved 284672K
  class space    used 4589K, capacity 4947K, committed 4992K, reserved 253952K
}
Event: 28.438 GC heap after
{Heap after GC invocations=8 (full 0):
 garbage-first heap   total 262144K, used 53299K [0x00000000e0000000, 0x0000000100000000)
  region size 1024K, 8 young (8192K), 8 survivors (8192K)
 Metaspace       used 34580K, capacity 35515K, committed 35628K, reserved 284672K
  class space    used 4589K, capacity 4947K, committed 4992K, reserved 253952K
}
Event: 37.626 GC heap before
{Heap before GC invocations=9 (full 0):
 garbage-first heap   total 262144K, used 174131K [0x00000000e0000000, 0x0000000100000000)
  region size 1024K, 119 young (121856K), 8 survivors (8192K)
 Metaspace       used 46346K, capacity 47625K, committed 47788K, reserved 296960K
  class space    used 5894K, capacity 6392K, committed 6400K, reserved 253952K
}
Event: 37.657 GC heap after
{Heap after GC invocations=10 (full 0):
 garbage-first heap   total 262144K, used 67318K [0x00000000e0000000, 0x0000000100000000)
  region size 1024K, 15 young (15360K), 15 survivors (15360K)
 Metaspace       used 46346K, capacity 47625K, committed 47788K, reserved 296960K
  class space    used 5894K, capacity 6392K, committed 6400K, reserved 253952K
}

